<?xml version="1.0" encoding="UTF-8" ?>
<testsuite tests="42" failures="0" name="com.chieffu.pocker.blackjack.BlackjackTest" time="0.102" errors="0" skipped="0">
  <properties>
    <property name="java.runtime.name" value="Java(TM) SE Runtime Environment"/>
    <property name="sun.boot.library.path" value="C:\Program Files\Java\jdk1.8.0_333\jre\bin"/>
    <property name="java.vm.version" value="25.333-b02"/>
    <property name="java.vm.vendor" value="Oracle Corporation"/>
    <property name="maven.multiModuleProjectDirectory" value="C:\Users\fred\code\my_github\my_poker"/>
    <property name="java.vendor.url" value="http://java.oracle.com/"/>
    <property name="path.separator" value=";"/>
    <property name="guice.disable.misplaced.annotation.check" value="true"/>
    <property name="java.vm.name" value="Java HotSpot(TM) 64-Bit Server VM"/>
    <property name="file.encoding.pkg" value="sun.io"/>
    <property name="user.script" value=""/>
    <property name="user.country" value="CN"/>
    <property name="sun.java.launcher" value="SUN_STANDARD"/>
    <property name="sun.os.patch.level" value=""/>
    <property name="java.vm.specification.name" value="Java Virtual Machine Specification"/>
    <property name="user.dir" value="C:\Users\fred\code\my_github\my_poker"/>
    <property name="java.runtime.version" value="1.8.0_333-b02"/>
    <property name="java.awt.graphicsenv" value="sun.awt.Win32GraphicsEnvironment"/>
    <property name="java.endorsed.dirs" value="C:\Program Files\Java\jdk1.8.0_333\jre\lib\endorsed"/>
    <property name="os.arch" value="amd64"/>
    <property name="java.io.tmpdir" value="C:\Users\fred\AppData\Local\Temp\"/>
    <property name="line.separator" value="
"/>
    <property name="java.vm.specification.vendor" value="Oracle Corporation"/>
    <property name="user.variant" value=""/>
    <property name="os.name" value="Windows 11"/>
    <property name="classworlds.conf" value="C:\Users\fred\apps\apache-maven-3.8.6\bin\m2.conf"/>
    <property name="sun.jnu.encoding" value="GBK"/>
    <property name="java.library.path" value="C:\Program Files\Java\jdk1.8.0_333\bin;C:\WINDOWS\Sun\Java\bin;C:\WINDOWS\system32;C:\WINDOWS;C:\Program Files\Python311\Scripts\;C:\Program Files\Python311\;C:\Program Files (x86)\Common Files\Intel\Shared Libraries\redist\intel64\compiler;C:\Program Files (x86)\Common Files\Oracle\Java\javapath;C:\WINDOWS\system32;C:\WINDOWS;C:\WINDOWS\System32\Wbem;C:\WINDOWS\System32\WindowsPowerShell\v1.0\;C:\WINDOWS\System32\OpenSSH\;C:\Users\fred\apps\apache-maven-3.8.6\bin;C:\Program Files\Git\cmd;C:\Program Files\dotnet\;C:\Program Files (x86)\NVIDIA Corporation\PhysX\Common;C:\Users\fred\AppData\Local\Microsoft\WindowsApps;C:\Users\fred\AppData\Local\Programs\Microsoft VS Code\bin;;."/>
    <property name="maven.conf" value="C:\Users\fred\apps\apache-maven-3.8.6/conf"/>
    <property name="java.specification.name" value="Java Platform API Specification"/>
    <property name="java.class.version" value="52.0"/>
    <property name="sun.management.compiler" value="HotSpot 64-Bit Tiered Compilers"/>
    <property name="os.version" value="10.0"/>
    <property name="library.jansi.path" value="C:\Users\fred\apps\apache-maven-3.8.6\lib\jansi-native"/>
    <property name="user.home" value="C:\Users\fred"/>
    <property name="user.timezone" value="Asia/Shanghai"/>
    <property name="java.awt.printerjob" value="sun.awt.windows.WPrinterJob"/>
    <property name="java.specification.version" value="1.8"/>
    <property name="file.encoding" value="GBK"/>
    <property name="user.name" value="fred"/>
    <property name="java.class.path" value="C:\Users\fred\apps\apache-maven-3.8.6\boot\plexus-classworlds-2.6.0.jar"/>
    <property name="java.vm.specification.version" value="1.8"/>
    <property name="sun.arch.data.model" value="64"/>
    <property name="java.home" value="C:\Program Files\Java\jdk1.8.0_333\jre"/>
    <property name="sun.java.command" value="org.codehaus.plexus.classworlds.launcher.Launcher clean package"/>
    <property name="java.specification.vendor" value="Oracle Corporation"/>
    <property name="user.language" value="zh"/>
    <property name="awt.toolkit" value="sun.awt.windows.WToolkit"/>
    <property name="java.vm.info" value="mixed mode"/>
    <property name="java.version" value="1.8.0_333"/>
    <property name="java.ext.dirs" value="C:\Program Files\Java\jdk1.8.0_333\jre\lib\ext;C:\WINDOWS\Sun\Java\lib\ext"/>
    <property name="sun.boot.class.path" value="C:\Program Files\Java\jdk1.8.0_333\jre\lib\resources.jar;C:\Program Files\Java\jdk1.8.0_333\jre\lib\rt.jar;C:\Program Files\Java\jdk1.8.0_333\jre\lib\sunrsasign.jar;C:\Program Files\Java\jdk1.8.0_333\jre\lib\jsse.jar;C:\Program Files\Java\jdk1.8.0_333\jre\lib\jce.jar;C:\Program Files\Java\jdk1.8.0_333\jre\lib\charsets.jar;C:\Program Files\Java\jdk1.8.0_333\jre\lib\jfr.jar;C:\Program Files\Java\jdk1.8.0_333\jre\classes"/>
    <property name="sun.stderr.encoding" value="ms936"/>
    <property name="java.vendor" value="Oracle Corporation"/>
    <property name="maven.home" value="C:\Users\fred\apps\apache-maven-3.8.6"/>
    <property name="file.separator" value="\"/>
    <property name="java.vendor.url.bug" value="http://bugreport.sun.com/bugreport/"/>
    <property name="sun.cpu.endian" value="little"/>
    <property name="sun.io.unicode.encoding" value="UnicodeLittle"/>
    <property name="sun.stdout.encoding" value="ms936"/>
    <property name="sun.desktop" value="windows"/>
    <property name="sun.cpu.isalist" value="amd64"/>
  </properties>
  <testcase classname="com.chieffu.pocker.blackjack.BlackjackTest" name="testXWinRate" time="0.003"/>
  <testcase classname="com.chieffu.pocker.blackjack.BlackjackTest" name="testCheckThreeOfKind" time="0"/>
  <testcase classname="com.chieffu.pocker.blackjack.BlackjackTest" name="testDot" time="0"/>
  <testcase classname="com.chieffu.pocker.blackjack.BlackjackTest" name="testXWinExpectation" time="0"/>
  <testcase classname="com.chieffu.pocker.blackjack.BlackjackTest" name="testGetPk" time="0"/>
  <testcase classname="com.chieffu.pocker.blackjack.BlackjackTest" name="testCheckPureThree" time="0"/>
  <testcase classname="com.chieffu.pocker.blackjack.BlackjackTest" name="testLuckyQueenExpectation" time="0"/>
  <testcase classname="com.chieffu.pocker.blackjack.BlackjackTest" name="testBags" time="0"/>
  <testcase classname="com.chieffu.pocker.blackjack.BlackjackTest" name="testDots" time="0.001"/>
  <testcase classname="com.chieffu.pocker.blackjack.BlackjackTest" name="testTestRemovePocker" time="0"/>
  <testcase classname="com.chieffu.pocker.blackjack.BlackjackTest" name="testDotsOfPocker" time="0"/>
  <testcase classname="com.chieffu.pocker.blackjack.BlackjackTest" name="testP1" time="0"/>
  <testcase classname="com.chieffu.pocker.blackjack.BlackjackTest" name="testP2" time="0.001"/>
  <testcase classname="com.chieffu.pocker.blackjack.BlackjackTest" name="testP3" time="0"/>
  <testcase classname="com.chieffu.pocker.blackjack.BlackjackTest" name="testZ2" time="0"/>
  <testcase classname="com.chieffu.pocker.blackjack.BlackjackTest" name="testPairExpectation" time="0"/>
  <testcase classname="com.chieffu.pocker.blackjack.BlackjackTest" name="testTestDots" time="0"/>
  <testcase classname="com.chieffu.pocker.blackjack.BlackjackTest" name="testTestCountPai1" time="0"/>
  <testcase classname="com.chieffu.pocker.blackjack.BlackjackTest" name="testTestCountPai2" time="0"/>
  <testcase classname="com.chieffu.pocker.blackjack.BlackjackTest" name="testHotThreeExpectation" time="0"/>
  <testcase classname="com.chieffu.pocker.blackjack.BlackjackTest" name="testCheckFlush3" time="0"/>
  <testcase classname="com.chieffu.pocker.blackjack.BlackjackTest" name="testRemovePocker" time="0.001"/>
  <testcase classname="com.chieffu.pocker.blackjack.BlackjackTest" name="testC" time="0.09"/>
  <testcase classname="com.chieffu.pocker.blackjack.BlackjackTest" name="testP" time="0"/>
  <testcase classname="com.chieffu.pocker.blackjack.BlackjackTest" name="testCheckStraight3" time="0"/>
  <testcase classname="com.chieffu.pocker.blackjack.BlackjackTest" name="testIsStraight" time="0.006"/>
  <testcase classname="com.chieffu.pocker.blackjack.BlackjackTest" name="testLuckThreeExpectation" time="0"/>
  <testcase classname="com.chieffu.pocker.blackjack.BlackjackTest" name="testCountPai" time="0"/>
  <testcase classname="com.chieffu.pocker.blackjack.BlackjackTest" name="testCheckFlush20Of2Rate" time="0"/>
  <testcase classname="com.chieffu.pocker.blackjack.BlackjackTest" name="testRZNotBloom" time="0"/>
  <testcase classname="com.chieffu.pocker.blackjack.BlackjackTest" name="testCheckPair" time="0"/>
  <testcase classname="com.chieffu.pocker.blackjack.BlackjackTest" name="testCheckStraightFlush3" time="0"/>
  <testcase classname="com.chieffu.pocker.blackjack.BlackjackTest" name="testGetPai" time="0"/>
  <testcase classname="com.chieffu.pocker.blackjack.BlackjackTest" name="testTestCountPai" time="0"/>
  <testcase classname="com.chieffu.pocker.blackjack.BlackjackTest" name="testGroups" time="0"/>
  <testcase classname="com.chieffu.pocker.blackjack.BlackjackTest" name="testRBjWin" time="0"/>
  <testcase classname="com.chieffu.pocker.blackjack.BlackjackTest" name="testBloomExpectation" time="0"/>
  <testcase classname="com.chieffu.pocker.blackjack.BlackjackTest" name="testIsFlush" time="0"/>
  <testcase classname="com.chieffu.pocker.blackjack.BlackjackTest" name="testCheckPurePair" time="0"/>
  <testcase classname="com.chieffu.pocker.blackjack.BlackjackTest" name="testIsBlackjack" time="0"/>
  <testcase classname="com.chieffu.pocker.blackjack.BlackjackTest" name="testIsOneOfKind" time="0"/>
  <testcase classname="com.chieffu.pocker.blackjack.BlackjackTest" name="testCheckFlush21Of3Rate" time="0"/>
</testsuite>